<?xml version="1.0" encoding="utf-8"?><testsuites name="pytest tests"><testsuite name="pytest" errors="0" failures="0" skipped="0" tests="14" time="19.549" timestamp="2026-02-24T15:39:06.481702+00:00" hostname="agent-env-e21fa90a-17dc-4ce4-a47e-f136496bdb01"><testcase classname="backend.tests.test_search_news_upgrade.TestEnhancedSearch" name="test_search_corvus_returns_crvs" time="2.143" /><testcase classname="backend.tests.test_search_news_upgrade.TestEnhancedSearch" name="test_search_apple_returns_aapl_first" time="2.555" /><testcase classname="backend.tests.test_search_news_upgrade.TestEnhancedSearch" name="test_search_tesla_returns_tsla" time="2.997" /><testcase classname="backend.tests.test_search_news_upgrade.TestEnhancedSearch" name="test_search_micro_returns_microsoft_and_others" time="4.021" /><testcase classname="backend.tests.test_search_news_upgrade.TestEnhancedSearch" name="test_search_results_have_required_fields" time="1.375" /><testcase classname="backend.tests.test_search_news_upgrade.TestEnhancedSearch" name="test_search_empty_query_returns_empty" time="0.746" /><testcase classname="backend.tests.test_search_news_upgrade.TestNewsThumbnails" name="test_ticker_news_has_thumbnail_url_field" time="0.599" /><testcase classname="backend.tests.test_search_news_upgrade.TestNewsThumbnails" name="test_ticker_news_some_have_thumbnails" time="0.613" /><testcase classname="backend.tests.test_search_news_upgrade.TestNewsThumbnails" name="test_news_feed_has_thumbnail_field" time="0.402" /><testcase classname="backend.tests.test_search_news_upgrade.TestNewsThumbnails" name="test_ticker_news_article_structure" time="0.537" /><testcase classname="backend.tests.test_search_news_upgrade.TestSearchEdgeCases" name="test_search_by_partial_ticker" time="0.601" /><testcase classname="backend.tests.test_search_news_upgrade.TestSearchEdgeCases" name="test_search_case_insensitive" time="1.029" /><testcase classname="backend.tests.test_search_news_upgrade.TestSearchEdgeCases" name="test_search_returns_type_field" time="0.561" /><testcase classname="backend.tests.test_search_news_upgrade.TestSearchNavigation" name="test_search_result_symbol_valid_for_stock_detail" time="1.283" /></testsuite></testsuites>