<?xml version="1.0" encoding="utf-8"?><testsuites name="pytest tests"><testsuite name="pytest" errors="0" failures="5" skipped="0" tests="15" time="90.689" timestamp="2026-02-24T15:02:13.725016+00:00" hostname="agent-env-e21fa90a-17dc-4ce4-a47e-f136496bdb01"><testcase classname="backend.tests.test_p0_features.TestSearchStocksEndpoint" name="test_search_stocks_by_ticker_aapl" time="3.511"><failure message="AssertionError: assert 'Apple' in 'AAPL'">backend/tests/test_p0_features.py:28: in test_search_stocks_by_ticker_aapl
    assert "Apple" in aapl["name"]
E   AssertionError: assert 'Apple' in 'AAPL'</failure></testcase><testcase classname="backend.tests.test_p0_features.TestSearchStocksEndpoint" name="test_search_stocks_by_partial_ticker" time="3.793"><failure message="AssertionError: assert 'Microsoft' in 'MSFT'">backend/tests/test_p0_features.py:42: in test_search_stocks_by_partial_ticker
    assert "Microsoft" in msft["name"]
E   AssertionError: assert 'Microsoft' in 'MSFT'</failure></testcase><testcase classname="backend.tests.test_p0_features.TestSearchStocksEndpoint" name="test_search_stocks_by_name_partial" time="3.271"><failure message="AssertionError: assert 'Alphabet' in 'GOOGL'">backend/tests/test_p0_features.py:56: in test_search_stocks_by_name_partial
    assert "Alphabet" in googl["name"]
E   AssertionError: assert 'Alphabet' in 'GOOGL'</failure></testcase><testcase classname="backend.tests.test_p0_features.TestSearchStocksEndpoint" name="test_search_stocks_empty_query" time="7.401" /><testcase classname="backend.tests.test_p0_features.TestSearchStocksEndpoint" name="test_search_stocks_response_structure" time="4.486" /><testcase classname="backend.tests.test_p0_features.TestAIScreenerEndpoint" name="test_screen_specific_tickers" time="2.404"><failure message="assert 429 == 200&#10; +  where 429 = &lt;Response [429]&gt;.status_code">backend/tests/test_p0_features.py:90: in test_screen_specific_tickers
    assert response.status_code == 200
E   assert 429 == 200
E    +  where 429 = &lt;Response [429]&gt;.status_code</failure></testcase><testcase classname="backend.tests.test_p0_features.TestAIScreenerEndpoint" name="test_screen_large_cap_tech_with_low_pe" time="47.396" /><testcase classname="backend.tests.test_p0_features.TestAIScreenerEndpoint" name="test_screen_high_dividend_healthcare" time="6.115" /><testcase classname="backend.tests.test_p0_features.TestAIScreenerEndpoint" name="test_screen_response_has_filter_chips_data" time="5.585" /><testcase classname="backend.tests.test_p0_features.TestAIScreenerEndpoint" name="test_screen_empty_query_returns_error_or_empty" time="0.560"><failure message="assert 429 in [200, 422]&#10; +  where 429 = &lt;Response [429]&gt;.status_code">backend/tests/test_p0_features.py:199: in test_screen_empty_query_returns_error_or_empty
    assert response.status_code in [200, 422]
E   assert 429 in [200, 422]
E    +  where 429 = &lt;Response [429]&gt;.status_code</failure></testcase><testcase classname="backend.tests.test_p0_features.TestExistingEndpointsStillWork" name="test_market_overview" time="3.963" /><testcase classname="backend.tests.test_p0_features.TestExistingEndpointsStillWork" name="test_market_movers" time="0.427" /><testcase classname="backend.tests.test_p0_features.TestExistingEndpointsStillWork" name="test_stock_detail" time="0.506" /><testcase classname="backend.tests.test_p0_features.TestExistingEndpointsStillWork" name="test_news_feed" time="0.449" /><testcase classname="backend.tests.test_p0_features.TestExistingEndpointsStillWork" name="test_market_search" time="0.683" /></testsuite></testsuites>